<?xml version="1.0" encoding="UTF-8"?>
<testng-results ignored="0" total="2" passed="2" failed="0" skipped="0">
  <reporter-output>
  </reporter-output>
  <suite started-at="2022-01-07T15:28:31 IST" name="Default suite" finished-at="2022-01-07T15:28:47 IST" duration-ms="15550">
    <groups>
    </groups>
    <test started-at="2022-01-07T15:28:31 IST" name="Default test" finished-at="2022-01-07T15:28:47 IST" duration-ms="15550">
      <class name="com.page.testcases.LoginPageTest">
        <test-method signature="verifyLogin()[pri:0, instance:com.page.testcases.LoginPageTest@6cd28fa7]" started-at="2022-01-07T15:28:31 IST" name="verifyLogin" finished-at="2022-01-07T15:28:42 IST" duration-ms="10811" status="PASS">
          <reporter-output>
          </reporter-output>
        </test-method> <!-- verifyLogin -->
        <test-method signature="verifyLogo()[pri:0, instance:com.page.testcases.LoginPageTest@6cd28fa7]" started-at="2022-01-07T15:28:42 IST" name="verifyLogo" finished-at="2022-01-07T15:28:47 IST" duration-ms="4706" status="PASS">
          <reporter-output>
          </reporter-output>
        </test-method> <!-- verifyLogo -->
      </class> <!-- com.page.testcases.LoginPageTest -->
    </test> <!-- Default test -->
  </suite> <!-- Default suite -->
</testng-results>
